<?xml version="1.0" encoding="UTF-8"?>
<testsuite name="com.project.backend.Project03ApplicationTests" tests="1" skipped="0" failures="0" errors="0" timestamp="2023-08-22T06:46:08" hostname="JUNYIHONG" time="1.486">
  <properties/>
  <testcase name="contextLoads()" classname="com.project.backend.Project03ApplicationTests" time="1.486"/>
  <system-out><![CDATA[15:46:02.777 [Test worker] INFO org.springframework.test.context.support.AnnotationConfigContextLoaderUtils -- Could not detect default configuration classes for test class [com.project.backend.Project03ApplicationTests]: Project03ApplicationTests does not declare any static, non-private, non-final, nested classes annotated with @Configuration.
15:46:02.892 [Test worker] INFO org.springframework.boot.test.context.SpringBootTestContextBootstrapper -- Found @SpringBootConfiguration com.project.backend.Project03Application for test class com.project.backend.Project03ApplicationTests

  .   ____          _            __ _ _
 /\\ / ___'_ __ _ _(_)_ __  __ _ \ \ \ \
( ( )\___ | '_ | '_| | '_ \/ _` | \ \ \ \
 \\/  ___)| |_)| | | | | || (_| |  ) ) ) )
  '  |____| .__|_| |_|_| |_\__, | / / / /
 =========|_|==============|___/=/_/_/_/
 :: Spring Boot ::                (v3.1.2)

2023-08-22T15:46:03.329+09:00  INFO 19516 --- [    Test worker] c.p.backend.Project03ApplicationTests    : Starting Project03ApplicationTests using Java 17.0.8 with PID 19516 (started by junyi in C:\Users\junyi\git\project03)
2023-08-22T15:46:03.331+09:00  INFO 19516 --- [    Test worker] c.p.backend.Project03ApplicationTests    : No active profile set, falling back to 1 default profile: "default"
2023-08-22T15:46:04.069+09:00  INFO 19516 --- [    Test worker] .s.d.r.c.RepositoryConfigurationDelegate : Bootstrapping Spring Data JPA repositories in DEFAULT mode.
2023-08-22T15:46:04.173+09:00  INFO 19516 --- [    Test worker] .s.d.r.c.RepositoryConfigurationDelegate : Finished Spring Data repository scanning in 95 ms. Found 9 JPA repository interfaces.
2023-08-22T15:46:04.707+09:00  INFO 19516 --- [    Test worker] o.hibernate.jpa.internal.util.LogHelper  : HHH000204: Processing PersistenceUnitInfo [name: default]
2023-08-22T15:46:04.765+09:00  INFO 19516 --- [    Test worker] org.hibernate.Version                    : HHH000412: Hibernate ORM core version 6.2.6.Final
2023-08-22T15:46:04.768+09:00  INFO 19516 --- [    Test worker] org.hibernate.cfg.Environment            : HHH000406: Using bytecode reflection optimizer
2023-08-22T15:46:04.901+09:00  INFO 19516 --- [    Test worker] o.h.b.i.BytecodeProviderInitiator        : HHH000021: Bytecode provider name : bytebuddy
2023-08-22T15:46:05.040+09:00  INFO 19516 --- [    Test worker] o.s.o.j.p.SpringPersistenceUnitInfo      : No LoadTimeWeaver setup: ignoring JPA class transformer
2023-08-22T15:46:05.058+09:00  INFO 19516 --- [    Test worker] com.zaxxer.hikari.HikariDataSource       : HikariPool-1 - Starting...
2023-08-22T15:46:05.307+09:00  INFO 19516 --- [    Test worker] com.zaxxer.hikari.pool.HikariPool        : HikariPool-1 - Added connection com.mysql.cj.jdbc.ConnectionImpl@6e9d71ef
2023-08-22T15:46:05.310+09:00  INFO 19516 --- [    Test worker] com.zaxxer.hikari.HikariDataSource       : HikariPool-1 - Start completed.
2023-08-22T15:46:05.658+09:00  INFO 19516 --- [    Test worker] o.h.b.i.BytecodeProviderInitiator        : HHH000021: Bytecode provider name : bytebuddy
2023-08-22T15:46:06.428+09:00  INFO 19516 --- [    Test worker] o.h.e.t.j.p.i.JtaPlatformInitiator       : HHH000490: Using JtaPlatform implementation: [org.hibernate.engine.transaction.jta.platform.internal.NoJtaPlatform]
Hibernate: 
    alter table calendar_event 
       modify column end  datetime(6) not null
Hibernate: 
    alter table calendar_event 
       modify column start  datetime(6) not null
Hibernate: 
    alter table cart 
       modify column reg_time  datetime(6)
Hibernate: 
    alter table cart 
       modify column update_time  datetime(6)
Hibernate: 
    alter table cart_item 
       modify column reg_time  datetime(6)
Hibernate: 
    alter table cart_item 
       modify column update_time  datetime(6)
Hibernate: 
    alter table item 
       modify column reg_time  datetime(6)
Hibernate: 
    alter table item 
       modify column update_time  datetime(6)
Hibernate: 
    alter table item 
       modify column item_sell_status  enum ('SELL','SOLD_OUT')
Hibernate: 
    alter table item_img 
       modify column reg_time  datetime(6)
Hibernate: 
    alter table item_img 
       modify column update_time  datetime(6)
Hibernate: 
    alter table member 
       modify column reg_time  datetime(6)
Hibernate: 
    alter table member 
       modify column update_time  datetime(6)
Hibernate: 
    alter table member 
       modify column role  enum ('ADMIN','USER')
Hibernate: 
    alter table order_item 
       modify column reg_time  datetime(6)
Hibernate: 
    alter table order_item 
       modify column update_time  datetime(6)
Hibernate: 
    alter table orders 
       modify column reg_time  datetime(6)
Hibernate: 
    alter table orders 
       modify column update_time  datetime(6)
Hibernate: 
    alter table orders 
       modify column order_date  datetime(6)
Hibernate: 
    alter table orders 
       modify column order_status  enum ('CANCEL','ORDER')
2023-08-22T15:46:06.719+09:00  INFO 19516 --- [    Test worker] j.LocalContainerEntityManagerFactoryBean : Initialized JPA EntityManagerFactory for persistence unit 'default'
2023-08-22T15:46:07.636+09:00  INFO 19516 --- [    Test worker] o.s.d.j.r.query.QueryEnhancerFactory     : Hibernate is in classpath; If applicable, HQL parser will be used.
2023-08-22T15:46:08.426+09:00  INFO 19516 --- [    Test worker] o.s.s.web.DefaultSecurityFilterChain     : Will secure any request with [org.springframework.security.web.session.DisableEncodeUrlFilter@e85dc460, org.springframework.security.web.context.request.async.WebAsyncManagerIntegrationFilter@47d642cc, org.springframework.security.web.context.SecurityContextHolderFilter@85479dc2, org.springframework.security.web.header.HeaderWriterFilter@91d8004e, org.springframework.security.web.authentication.logout.LogoutFilter@55f57000, org.springframework.security.web.savedrequest.RequestCacheAwareFilter@f45269cf, org.springframework.security.web.servletapi.SecurityContextHolderAwareRequestFilter@801e57a3, org.springframework.security.web.authentication.AnonymousAuthenticationFilter@be877d8f, org.springframework.security.web.session.SessionManagementFilter@126a0619, org.springframework.security.web.access.ExceptionTranslationFilter@36f728d, org.springframework.security.web.access.intercept.AuthorizationFilter@b9845e02]
2023-08-22T15:46:08.873+09:00  INFO 19516 --- [    Test worker] c.p.backend.Project03ApplicationTests    : Started Project03ApplicationTests in 5.841 seconds (process running for 7.334)
]]></system-out>
  <system-err><![CDATA[]]></system-err>
</testsuite>
